<?xml version="1.0" encoding="UTF-8"?>
<TESTCASE>
    <NAME>cclut_test_example1.inc</NAME>
    <TESTS>
        <TEST>
            <NAME>TESTADD</NAME>
            <ASSERTS>
                <ASSERT>
                    <LINENUMBER>738</LINENUMBER>
                    <CONTEXT><![CDATA[testAdd]]></CONTEXT>
                    <RESULT>PASSED</RESULT>
                    <TEST><![CDATA[3.000000=3.000000]]></TEST>
                </ASSERT>
            </ASSERTS>
            <ERRORS/>
            <RESULT>PASSED</RESULT>
        </TEST>
        <TEST>
            <NAME>TESTSUBTRACT</NAME>
            <ASSERTS>
                <ASSERT>
                    <LINENUMBER>756</LINENUMBER>
                    <CONTEXT><![CDATA[testSubtract]]></CONTEXT>
                    <RESULT>PASSED</RESULT>
                    <TEST><![CDATA[1.000000=1.000000]]></TEST>
                </ASSERT>
                <ASSERT>
                    <LINENUMBER>759</LINENUMBER>
                    <CONTEXT><![CDATA[testSubtract]]></CONTEXT>
                    <RESULT>FAILED</RESULT>
                    <TEST><![CDATA[2.000000<1.000000]]></TEST>
                </ASSERT>
                <ASSERT>
                    <LINENUMBER>762</LINENUMBER>
                    <CONTEXT><![CDATA[testSubtract]]></CONTEXT>
                    <RESULT>FAILED</RESULT>
                    <TEST><![CDATA[0.000000>1.000000]]></TEST>
                </ASSERT>
            </ASSERTS>
            <ERRORS/>
            <RESULT>FAILED</RESULT>
        </TEST>
        <TEST>
            <NAME>TESTMULTIPLY</NAME>
            <ASSERTS>
                <ASSERT>
                    <LINENUMBER>779</LINENUMBER>
                    <CONTEXT><![CDATA[testMultiply]]></CONTEXT>
                    <RESULT>PASSED</RESULT>
                    <TEST><![CDATA[6.000000=6.000000]]></TEST>
                </ASSERT>
                <ASSERT>
                    <LINENUMBER>782</LINENUMBER>
                    <CONTEXT><![CDATA[testMultiply]]></CONTEXT>
                    <RESULT>PASSED</RESULT>
                    <TEST><![CDATA[5.000000<6.000000]]></TEST>
                </ASSERT>
                <ASSERT>
                    <LINENUMBER>785</LINENUMBER>
                    <CONTEXT><![CDATA[testMultiply]]></CONTEXT>
                    <RESULT>FAILED</RESULT>
                    <TEST><![CDATA[4.000000>6.000000]]></TEST>
                </ASSERT>
            </ASSERTS>
            <ERRORS/>
            <RESULT>FAILED</RESULT>
        </TEST>
        <TEST>
            <NAME>TESTDIVIDE</NAME>
            <ASSERTS>
                <ASSERT>
                    <LINENUMBER>802</LINENUMBER>
                    <CONTEXT><![CDATA[testDivide]]></CONTEXT>
                    <RESULT>PASSED</RESULT>
                    <TEST><![CDATA[3.000000=3.000000]]></TEST>
                </ASSERT>
                <ASSERT>
                    <LINENUMBER>805</LINENUMBER>
                    <CONTEXT><![CDATA[testDivide]]></CONTEXT>
                    <RESULT>PASSED</RESULT>
                    <TEST><![CDATA[2.000000<3.000000]]></TEST>
                </ASSERT>
            </ASSERTS>
            <ERRORS/>
            <RESULT>PASSED</RESULT>
        </TEST>
    </TESTS>
</TESTCASE>
