<?xml version="1.0" encoding="UTF-8"?>
<COVERAGE>
    <COVERAGE_NAME>CCLUT_TEST_EXAMPLE2.INC</COVERAGE_NAME>
    <LINES>
        <LINE>
            <NBR>671</NBR>
            <TYPE>N</TYPE>
        </LINE>
        <LINE>
            <NBR>672</NBR>
            <TYPE>N</TYPE>
        </LINE>
        <LINE>
            <NBR>673</NBR>
            <TYPE>N</TYPE>
        </LINE>
        <LINE>
            <NBR>674</NBR>
            <TYPE>N</TYPE>
        </LINE>
        <LINE>
            <NBR>675</NBR>
            <TYPE>N</TYPE>
        </LINE>
        <LINE>
            <NBR>676</NBR>
            <TYPE>N</TYPE>
        </LINE>
        <LINE>
            <NBR>677</NBR>
            <TYPE>N</TYPE>
        </LINE>
        <LINE>
            <NBR>678</NBR>
            <TYPE>N</TYPE>
        </LINE>
        <LINE>
            <NBR>679</NBR>
            <TYPE>N</TYPE>
        </LINE>
        <LINE>
            <NBR>680</NBR>
            <TYPE>N</TYPE>
        </LINE>
        <LINE>
            <NBR>681</NBR>
            <TYPE>N</TYPE>
        </LINE>
        <LINE>
            <NBR>682</NBR>
            <TYPE>N</TYPE>
        </LINE>
        <LINE>
            <NBR>683</NBR>
            <TYPE>N</TYPE>
        </LINE>
        <LINE>
            <NBR>684</NBR>
            <TYPE>N</TYPE>
        </LINE>
        <LINE>
            <NBR>685</NBR>
            <TYPE>N</TYPE>
        </LINE>
        <LINE>
            <NBR>686</NBR>
            <TYPE>N</TYPE>
        </LINE>
        <LINE>
            <NBR>687</NBR>
            <TYPE>C</TYPE>
        </LINE>
        <LINE>
            <NBR>688</NBR>
            <TYPE>C</TYPE>
        </LINE>
        <LINE>
            <NBR>689</NBR>
            <TYPE>C</TYPE>
        </LINE>
        <LINE>
            <NBR>690</NBR>
            <TYPE>C</TYPE>
        </LINE>
        <LINE>
            <NBR>691</NBR>
            <TYPE>C</TYPE>
        </LINE>
        <LINE>
            <NBR>692</NBR>
            <TYPE>N</TYPE>
        </LINE>
        <LINE>
            <NBR>693</NBR>
            <TYPE>N</TYPE>
        </LINE>
        <LINE>
            <NBR>694</NBR>
            <TYPE>N</TYPE>
        </LINE>
        <LINE>
            <NBR>695</NBR>
            <TYPE>N</TYPE>
        </LINE>
        <LINE>
            <NBR>696</NBR>
            <TYPE>N</TYPE>
        </LINE>
        <LINE>
            <NBR>697</NBR>
            <TYPE>N</TYPE>
        </LINE>
        <LINE>
            <NBR>698</NBR>
            <TYPE>N</TYPE>
        </LINE>
        <LINE>
            <NBR>699</NBR>
            <TYPE>C</TYPE>
        </LINE>
        <LINE>
            <NBR>700</NBR>
            <TYPE>C</TYPE>
        </LINE>
        <LINE>
            <NBR>701</NBR>
            <TYPE>C</TYPE>
        </LINE>
        <LINE>
            <NBR>702</NBR>
            <TYPE>C</TYPE>
        </LINE>
        <LINE>
            <NBR>703</NBR>
            <TYPE>C</TYPE>
        </LINE>
        <LINE>
            <NBR>704</NBR>
            <TYPE>C</TYPE>
        </LINE>
        <LINE>
            <NBR>705</NBR>
            <TYPE>C</TYPE>
        </LINE>
        <LINE>
            <NBR>706</NBR>
            <TYPE>N</TYPE>
        </LINE>
        <LINE>
            <NBR>707</NBR>
            <TYPE>C</TYPE>
        </LINE>
        <LINE>
            <NBR>708</NBR>
            <TYPE>C</TYPE>
        </LINE>
        <LINE>
            <NBR>709</NBR>
            <TYPE>C</TYPE>
        </LINE>
        <LINE>
            <NBR>710</NBR>
            <TYPE>C</TYPE>
        </LINE>
        <LINE>
            <NBR>711</NBR>
            <TYPE>C</TYPE>
        </LINE>
        <LINE>
            <NBR>712</NBR>
            <TYPE>C</TYPE>
        </LINE>
        <LINE>
            <NBR>713</NBR>
            <TYPE>C</TYPE>
        </LINE>
        <LINE>
            <NBR>714</NBR>
            <TYPE>C</TYPE>
        </LINE>
        <LINE>
            <NBR>715</NBR>
            <TYPE>C</TYPE>
        </LINE>
        <LINE>
            <NBR>716</NBR>
            <TYPE>C</TYPE>
        </LINE>
        <LINE>
            <NBR>717</NBR>
            <TYPE>N</TYPE>
        </LINE>
        <LINE>
            <NBR>718</NBR>
            <TYPE>N</TYPE>
        </LINE>
        <LINE>
            <NBR>719</NBR>
            <TYPE>N</TYPE>
        </LINE>
        <LINE>
            <NBR>720</NBR>
            <TYPE>N</TYPE>
        </LINE>
        <LINE>
            <NBR>721</NBR>
            <TYPE>N</TYPE>
        </LINE>
        <LINE>
            <NBR>722</NBR>
            <TYPE>N</TYPE>
        </LINE>
        <LINE>
            <NBR>723</NBR>
            <TYPE>N</TYPE>
        </LINE>
        <LINE>
            <NBR>724</NBR>
            <TYPE>N</TYPE>
        </LINE>
        <LINE>
            <NBR>725</NBR>
            <TYPE>C</TYPE>
        </LINE>
        <LINE>
            <NBR>726</NBR>
            <TYPE>C</TYPE>
        </LINE>
        <LINE>
            <NBR>727</NBR>
            <TYPE>C</TYPE>
        </LINE>
        <LINE>
            <NBR>728</NBR>
            <TYPE>N</TYPE>
        </LINE>
        <LINE>
            <NBR>729</NBR>
            <TYPE>C</TYPE>
        </LINE>
        <LINE>
            <NBR>730</NBR>
            <TYPE>C</TYPE>
        </LINE>
        <LINE>
            <NBR>731</NBR>
            <TYPE>C</TYPE>
        </LINE>
        <LINE>
            <NBR>732</NBR>
            <TYPE>N</TYPE>
        </LINE>
        <LINE>
            <NBR>733</NBR>
            <TYPE>C</TYPE>
        </LINE>
        <LINE>
            <NBR>734</NBR>
            <TYPE>N</TYPE>
        </LINE>
        <LINE>
            <NBR>735</NBR>
            <TYPE>N</TYPE>
        </LINE>
        <LINE>
            <NBR>736</NBR>
            <TYPE>C</TYPE>
        </LINE>
        <LINE>
            <NBR>737</NBR>
            <TYPE>N</TYPE>
        </LINE>
        <LINE>
            <NBR>738</NBR>
            <TYPE>N</TYPE>
        </LINE>
        <LINE>
            <NBR>739</NBR>
            <TYPE>C</TYPE>
        </LINE>
        <LINE>
            <NBR>740</NBR>
            <TYPE>N</TYPE>
        </LINE>
        <LINE>
            <NBR>741</NBR>
            <TYPE>N</TYPE>
        </LINE>
        <LINE>
            <NBR>742</NBR>
            <TYPE>C</TYPE>
        </LINE>
        <LINE>
            <NBR>743</NBR>
            <TYPE>C</TYPE>
        </LINE>
        <LINE>
            <NBR>744</NBR>
            <TYPE>C</TYPE>
        </LINE>
        <LINE>
            <NBR>745</NBR>
            <TYPE>C</TYPE>
        </LINE>
        <LINE>
            <NBR>746</NBR>
            <TYPE>N</TYPE>
        </LINE>
        <LINE>
            <NBR>747</NBR>
            <TYPE>C</TYPE>
        </LINE>
        <LINE>
            <NBR>748</NBR>
            <TYPE>N</TYPE>
        </LINE>
        <LINE>
            <NBR>749</NBR>
            <TYPE>N</TYPE>
        </LINE>
        <LINE>
            <NBR>750</NBR>
            <TYPE>C</TYPE>
        </LINE>
        <LINE>
            <NBR>751</NBR>
            <TYPE>C</TYPE>
        </LINE>
        <LINE>
            <NBR>752</NBR>
            <TYPE>C</TYPE>
        </LINE>
        <LINE>
            <NBR>753</NBR>
            <TYPE>C</TYPE>
        </LINE>
        <LINE>
            <NBR>754</NBR>
            <TYPE>N</TYPE>
        </LINE>
        <LINE>
            <NBR>755</NBR>
            <TYPE>C</TYPE>
        </LINE>
        <LINE>
            <NBR>756</NBR>
            <TYPE>N</TYPE>
        </LINE>
        <LINE>
            <NBR>757</NBR>
            <TYPE>N</TYPE>
        </LINE>
        <LINE>
            <NBR>758</NBR>
            <TYPE>C</TYPE>
        </LINE>
        <LINE>
            <NBR>759</NBR>
            <TYPE>N</TYPE>
        </LINE>
        <LINE>
            <NBR>760</NBR>
            <TYPE>N</TYPE>
        </LINE>
        <LINE>
            <NBR>761</NBR>
            <TYPE>N</TYPE>
        </LINE>
        <LINE>
            <NBR>762</NBR>
            <TYPE>N</TYPE>
        </LINE>
        <LINE>
            <NBR>763</NBR>
            <TYPE>N</TYPE>
        </LINE>
        <LINE>
            <NBR>764</NBR>
            <TYPE>N</TYPE>
        </LINE>
        <LINE>
            <NBR>765</NBR>
            <TYPE>C</TYPE>
        </LINE>
        <LINE>
            <NBR>766</NBR>
            <TYPE>C</TYPE>
        </LINE>
        <LINE>
            <NBR>767</NBR>
            <TYPE>N</TYPE>
        </LINE>
        <LINE>
            <NBR>768</NBR>
            <TYPE>C</TYPE>
        </LINE>
        <LINE>
            <NBR>769</NBR>
            <TYPE>C</TYPE>
        </LINE>
        <LINE>
            <NBR>770</NBR>
            <TYPE>N</TYPE>
        </LINE>
        <LINE>
            <NBR>771</NBR>
            <TYPE>N</TYPE>
        </LINE>
    </LINES>
</COVERAGE>
